<?xml version="1.0" encoding="UTF-8" ?>
<testsuites>
  <testsuite errors="0" failures="0" hostname="joey.local" id="0" name="FileUploaderTagLibTests" package="" tests="5" time="0.714" timestamp="2009-07-26T16:29:23">
      <properties />

      <testcase classname="FileUploaderTagLibTests" name="testPrettySizeBytes" time="0.681" />

      <testcase classname="FileUploaderTagLibTests" name="testPrettySize1KByte" time="0.0080" />

      <testcase classname="FileUploaderTagLibTests" name="testPrettySize16KBytes" time="0.0060" />

      <testcase classname="FileUploaderTagLibTests" name="testPrettySize18MBytes" time="0.0080" />

      <testcase classname="FileUploaderTagLibTests" name="testPrettySize2_5GBytes" time="0.01" />

      <system-out><![CDATA[--Output from testPrettySizeBytes--
--Output from testPrettySize1KByte--
--Output from testPrettySize16KBytes--
--Output from testPrettySize18MBytes--
--Output from testPrettySize2_5GBytes--
]]></system-out>

      <system-err><![CDATA[--Output from testPrettySizeBytes--
--Output from testPrettySize1KByte--
--Output from testPrettySize16KBytes--
--Output from testPrettySize18MBytes--
--Output from testPrettySize2_5GBytes--
]]></system-err>

  </testsuite>
</testsuites>
